instagram.com
ig.me
facebook.com
facebook.net
cdninstagram.com
fbcdn.net
fbsbx.com
internalfb.com
oculus.com
meta.com
threads.net
fb.com

# Meta Horizon
fbaidemo.com
fbaidemos.com
internalmetafb.com
internalmetafb.net
internalmt.com
internalmt.net
internmeta.com
internmeta.net
metaaidemo.com
metaaidemos.com
metademolab.com
metainternal.net
fbdemolab.com
metahackathons.net
metaurl.net

# WhatsApp
static.whatsapp.net
call.whatsapp.com
cdn.whatsapp.net
chat.cdn.whatsapp.net
g.whatsapp.net
v.whatsapp.net
mmg.whatsapp.net
pps.whatsapp.net
graph.whatsapp.com
www.whatsapp.com
faq.whatsapp.com
scontent.whatsapp.net
whatsapp.net
whatsapp.biz
whatsapp.com
wa.me
wl.co
circlecrewpinkcrowd.com
whatsappbrand.com
whatsapp-plus.info
whatsapp-plus.me
whatsapp-plus.net
whatsapp.cc
whatsapp.info
whatsapp.org
whatsapp.tv
